<?xml version='1.0' encoding='UTF-8'?>
<testsuite hostname="Cudalb-Radus-MacBook-Pro.local" name="TwoferTest" tests="3" errors="0" failures="0" skipped="2" time="0.01" timestamp="2025-04-07T19:12:45">
          <properties>
[...]
</properties>
          <testcase classname="TwoferTest" name="no name given" time="0.01">
                      
                    </testcase><testcase classname="TwoferTest" name="a name given" time="0.0">
                      <skipped/>
                    </testcase><testcase classname="TwoferTest" name="another name given" time="0.0">
                      <skipped/>
                    </testcase>
          <system-out><![CDATA[]]></system-out>
          <system-err><![CDATA[]]></system-err>
        </testsuite>